<?xml version="1.0" encoding="UTF-8"?>
<!-- Generated by org.testng.reporters.JUnitReportReporter -->
<testsuite hostname="LAPTOP-B8SEEK19" failures="0" tests="1" name="com.test.my.learning.Test2" time="4.118" errors="0" timestamp="2022-06-25T22:48:29 BST" skipped="0">
  <testcase classname="com.test.my.learning.Test2" name="runEdge" time="4.118"/>
  <system-out/>
</testsuite> <!-- com.test.my.learning.Test2 -->
